<?xml version="1.0" encoding="UTF-8"?>
<testsuite xmlns:xsi="http://www.w3.org/2001/XMLSchema-instance" xsi:noNamespaceSchemaLocation="https://maven.apache.org/surefire/maven-surefire-plugin/xsd/surefire-test-report-3.0.xsd" version="3.0" name="com.udemy.dropbookmarks.resources.HelloResourceTest" time="3.501" tests="1" errors="0" skipped="0" failures="0">
  <properties>
[...]
</properties>
  <testcase name="returnsMessage" classname="com.udemy.dropbookmarks.resources.HelloResourceTest" time="1.931">
    <system-out><![CDATA[14:38:14.994 [main] DEBUG org.jboss.logging -- Logging Provider: org.jboss.logging.Slf4jLoggerProvider
14:38:14.999 [main] INFO org.hibernate.validator.internal.util.Version -- HV000001: Hibernate Validator 7.0.5.Final
14:38:15.019 [main] DEBUG org.hibernate.validator.internal.engine.AbstractConfigurationImpl -- Adding value extractor io.dropwizard.validation.valuehandling.GuavaOptionalValueExtractor@6ad3381f
14:38:15.019 [main] DEBUG org.hibernate.validator.internal.engine.AbstractConfigurationImpl -- Setting custom ConstraintValidatorFactory of type io.dropwizard.jersey.validation.MutableValidatorFactory
14:38:15.020 [main] DEBUG org.hibernate.validator.internal.engine.AbstractConfigurationImpl -- Setting custom ParameterNameProvider of type io.dropwizard.jersey.validation.JerseyParameterNameProvider
14:38:15.024 [main] DEBUG org.hibernate.validator.internal.engine.AbstractConfigurationImpl -- Adding value extractor io.dropwizard.jersey.validation.NonEmptyStringParamValueExtractor@1941a8ff
14:38:15.025 [main] DEBUG org.hibernate.validator.internal.engine.AbstractConfigurationImpl -- Adding value extractor io.dropwizard.jersey.validation.ParamValueExtractor@33fe57a9
14:38:15.030 [main] DEBUG org.hibernate.validator.internal.xml.config.ValidationXmlParser -- Trying to load META-INF/validation.xml for XML based Validator configuration.
14:38:15.031 [main] DEBUG org.hibernate.validator.internal.xml.config.ResourceLoaderHelper -- Trying to load META-INF/validation.xml via TCCL
14:38:15.032 [main] DEBUG org.hibernate.validator.internal.xml.config.ResourceLoaderHelper -- Trying to load META-INF/validation.xml via Hibernate Validator's class loader
14:38:15.033 [main] DEBUG org.hibernate.validator.internal.xml.config.ValidationXmlParser -- No META-INF/validation.xml found. Using annotation based configuration only.
14:38:15.039 [main] DEBUG org.hibernate.validator.internal.engine.resolver.TraversableResolvers -- Found jakarta.persistence.Persistence on classpath containing 'getPersistenceUtil'. Assuming JPA 2 environment. Trying to instantiate JPA aware TraversableResolver
14:38:15.041 [main] DEBUG org.hibernate.validator.internal.engine.resolver.TraversableResolvers -- Instantiated JPA aware TraversableResolver of type org.hibernate.validator.internal.engine.resolver.JPATraversableResolver.
14:38:15.071 [main] DEBUG org.hibernate.validator.messageinterpolation.ResourceBundleMessageInterpolator -- Loaded expression factory via original TCCL
14:38:15.222 [main] DEBUG org.hibernate.validator.internal.engine.ValidatorFactoryConfigurationHelper -- HV000252: Using org.hibernate.validator.internal.engine.DefaultPropertyNodeNameProvider as property node name provider.
14:38:15.230 [main] DEBUG org.hibernate.validator.internal.engine.ValidatorFactoryConfigurationHelper -- HV000234: Using org.hibernate.validator.messageinterpolation.ResourceBundleMessageInterpolator as ValidatorFactory-scoped message interpolator.
14:38:15.231 [main] DEBUG org.hibernate.validator.internal.engine.ValidatorFactoryConfigurationHelper -- HV000234: Using org.hibernate.validator.internal.engine.resolver.JPATraversableResolver as ValidatorFactory-scoped traversable resolver.
14:38:15.234 [main] DEBUG org.hibernate.validator.internal.engine.ValidatorFactoryConfigurationHelper -- HV000234: Using org.hibernate.validator.internal.util.ExecutableParameterNameProvider as ValidatorFactory-scoped parameter name provider.
14:38:15.235 [main] DEBUG org.hibernate.validator.internal.engine.ValidatorFactoryConfigurationHelper -- HV000234: Using org.hibernate.validator.internal.engine.DefaultClockProvider as ValidatorFactory-scoped clock provider.
14:38:15.235 [main] DEBUG org.hibernate.validator.internal.engine.ValidatorFactoryConfigurationHelper -- HV000234: Using org.hibernate.validator.internal.engine.scripting.DefaultScriptEvaluatorFactory as ValidatorFactory-scoped script evaluator factory.
]]></system-out>
  </testcase>
</testsuite>